<?xml version="1.0" encoding="UTF-8"?>
<!-- Generated by org.testng.reporters.JUnitXMLReporter -->
<testsuite ignored="0" hostname="IBM-PF3HW88X" failures="0" tests="4" name="SuiteTests" time="0.085" errors="0" timestamp="2026-09-05T16:11:04 IST">
  <testcase classname="activities.DemoOne" name="firstTestCase" time="0.011"/>
  <testcase classname="activities.DemoOne" name="secondTestCase" time="0.001"/>
  <testcase classname="activities.DemoTwo" name="firstTestCase" time="0.001"/>
  <testcase classname="activities.DemoTwo" name="secondTestCase" time="0.002"/>
</testsuite> <!-- SuiteTests -->
