<?xml version="1.0" encoding="UTF-8"?>
<!-- Generated by org.testng.reporters.JUnitXMLReporter -->
<testsuite ignored="0" hostname="IBM-PF3HW88X" failures="0" tests="3" name="Default test" time="8.176" errors="0" timestamp="2026-09-06T17:30:38 IST">
  <testcase classname="activities.Activity1" name="addNewPet" time="4.983"/>
  <testcase classname="activities.Activity1" name="getPetInfo" time="1.638"/>
  <testcase classname="activities.Activity1" name="deletePet" time="1.479"/>
</testsuite> <!-- Default test -->
