<?xml version="1.0" encoding="UTF-8"?>
<!-- Generated by org.testng.reporters.JUnitXMLReporter -->
<testsuite ignored="15" hostname="IBM-PF3HW88X" failures="0" tests="3" name="FSTActivities" time="5.994" errors="0" timestamp="2026-09-05T19:56:09 IST">
  <testcase classname="activities.Activity5" name="pageTitleTest" time="0.028"/>
  <testcase classname="activities.Activity5" name="HeaderTest1" time="0.045"/>
  <testcase classname="activities.Activity5" name="HeaderTest2" time="0.038"/>
  <testcase classname="activities.Activity2" name="testCase4" time="0.0">
    <ignored/>
  </testcase> <!-- testCase4 -->
  <testcase classname="activities.Activity2" name="testCase3" time="0.0">
    <ignored/>
  </testcase> <!-- testCase3 -->
  <testcase classname="activities.Activity1" name="homePageTest" time="0.0">
    <ignored/>
  </testcase> <!-- homePageTest -->
  <testcase classname="activities.Activity2" name="testCase2" time="0.0">
    <ignored/>
  </testcase> <!-- testCase2 -->
  <testcase classname="activities.Activity7" name="loginTest" time="0.0">
    <ignored/>
  </testcase> <!-- loginTest -->
  <testcase classname="activities.Activity2" name="testCase1" time="0.0">
    <ignored/>
  </testcase> <!-- testCase1 -->
  <testcase classname="activities.Activity4_DemoTwo" name="firstTestCase" time="0.0">
    <ignored/>
  </testcase> <!-- firstTestCase -->
  <testcase classname="activities.Activity4_DemoOne" name="secondTestCase" time="0.0">
    <ignored/>
  </testcase> <!-- secondTestCase -->
  <testcase classname="activities.Activity1" name="aboutPageTest" time="0.0">
    <ignored/>
  </testcase> <!-- aboutPageTest -->
  <testcase classname="activities.Activity4_DemoOne" name="firstTestCase" time="0.0">
    <ignored/>
  </testcase> <!-- firstTestCase -->
  <testcase classname="activities.Activity5" name="ButtonTest1" time="0.0">
    <ignored/>
  </testcase> <!-- ButtonTest1 -->
  <testcase classname="activities.Activity4_DemoTwo" name="secondTestCase" time="0.0">
    <ignored/>
  </testcase> <!-- secondTestCase -->
  <testcase classname="activities.Activity6" name="loginTestCase" time="0.0">
    <ignored/>
  </testcase> <!-- loginTestCase -->
  <testcase classname="activities.Activity5" name="ButtonTest2" time="0.0">
    <ignored/>
  </testcase> <!-- ButtonTest2 -->
  <testcase classname="activities.Activity3" name="loginTest" time="0.0">
    <ignored/>
  </testcase> <!-- loginTest -->
</testsuite> <!-- FSTActivities -->
