<?xml version="1.0" encoding="UTF-8"?>
<!-- Generated by org.testng.reporters.JUnitReportReporter -->
<testsuite hostname="IBM-PF3HW88X" failures="0" tests="3" name="activities.Activity5" time="0.111" errors="0" timestamp="2026-09-05T19:56:09 IST" skipped="0">
  <testcase classname="activities.Activity5" name="HeaderTest2" time="0.038"/>
  <testcase classname="activities.Activity5" name="HeaderTest1" time="0.045"/>
  <testcase classname="activities.Activity5" name="pageTitleTest" time="0.028"/>
</testsuite> <!-- activities.Activity5 -->
