<?xml version="1.0" encoding="UTF-8"?>
<!-- Generated by org.testng.reporters.JUnitReportReporter -->
<testsuite hostname="IBM-PF3HW88X" failures="0" tests="3" name="activities.Activity9" time="0.661" errors="0" timestamp="2026-09-05T19:58:16 IST" skipped="0">
  <testcase classname="activities.Activity9" name="simpleAlertTestCase" time="0.328">
    <system-out>
      <![CDATA[simpleAlertTestCase() started |
Simple Alert opened |
Switched foucs to alert |
Alert text is: You've just triggered a simple alert! |
Alert closed
Test case ended |]]>
    </system-out>
  </testcase> <!-- simpleAlertTestCase -->
  <testcase classname="activities.Activity9" name="confirmAlertTestCase" time="0.142">
    <system-out>
      <![CDATA[confirmAlertTestCase() started |
Confirm Alert opened |
Switched foucs to alert |
Alert text is: You've just triggered a confirmation alert! |
Alert closed |
Test case ended |]]>
    </system-out>
  </testcase> <!-- confirmAlertTestCase -->
  <testcase classname="activities.Activity9" name="promptAlertTestCase" time="0.191">
    <system-out>
      <![CDATA[promptAlertTestCase() started |
Prompt Alert opened |
Switched foucs to alert |
Alert text is: I'm a Prompt! Type something into me! |
Text entered in prompt alert |
Alert closed |
Test case ended |]]>
    </system-out>
  </testcase> <!-- promptAlertTestCase -->
  <system-out>
    <![CDATA[Starting Test |
Opened Browser |
Page title is Selenium: Alerts |
Test Case Setup started |
simpleAlertTestCase() started |
Simple Alert opened |
Switched foucs to alert |
Alert text is: You've just triggered a simple alert! |
Alert closed
Test case ended |
Test Case Setup started |
confirmAlertTestCase() started |
Confirm Alert opened |
Switched foucs to alert |
Alert text is: You've just triggered a confirmation alert! |
Alert closed |
Test case ended |
Test Case Setup started |
promptAlertTestCase() started |
Prompt Alert opened |
Switched foucs to alert |
Alert text is: I'm a Prompt! Type something into me! |
Text entered in prompt alert |
Alert closed |
Test case ended |
Ending Test |]]>
  </system-out>
</testsuite> <!-- activities.Activity9 -->
